{
  "stats": {
    "suites": 4,
    "tests": 5,
    "passes": 5,
    "pending": 0,
    "failures": 0,
    "start": "2026-06-29T10:17:23.724Z",
    "end": "2026-06-29T10:17:23.774Z",
    "duration": 50,
    "testsRegistered": 5,
    "passPercent": 100,
    "pendingPercent": 0,
    "other": 0,
    "hasOther": false,
    "skipped": 0,
    "hasSkipped": false
  },
  "results": [
    {
      "uuid": "f22d9f92-b07d-4c7c-a45d-ba7f8ac70ca4",
      "title": "",
      "fullFile": "C:\\Users\\gusta\\OneDrive\\Área de Trabalho\\Meus Projetos\\Pós-graduação em Automação de Testes de Software\\Programacao_para_automacao_de_teste\\controle-de-tarefas\\test\\tarefas.test.js",
      "file": "\\test\\tarefas.test.js",
      "beforeHooks": [],
      "afterHooks": [],
      "tests": [],
      "suites": [
        {
          "uuid": "c716e2f6-7ea4-4b04-bb16-1c8d7c9589d1",
          "title": "Tarefas",
          "fullFile": "C:\\Users\\gusta\\OneDrive\\Área de Trabalho\\Meus Projetos\\Pós-graduação em Automação de Testes de Software\\Programacao_para_automacao_de_teste\\controle-de-tarefas\\test\\tarefas.test.js",
          "file": "\\test\\tarefas.test.js",
          "beforeHooks": [],
          "afterHooks": [],
          "tests": [],
          "suites": [
            {
              "uuid": "2348b480-d22f-4910-8814-a8f75d64195e",
              "title": "POST /tarefas",
              "fullFile": "C:\\Users\\gusta\\OneDrive\\Área de Trabalho\\Meus Projetos\\Pós-graduação em Automação de Testes de Software\\Programacao_para_automacao_de_teste\\controle-de-tarefas\\test\\tarefas.test.js",
              "file": "\\test\\tarefas.test.js",
              "beforeHooks": [],
              "afterHooks": [],
              "tests": [
                {
                  "title": "Deve retornar 201 quando a tarefa for cadastrada com sucesso",
                  "fullTitle": "Tarefas POST /tarefas Deve retornar 201 quando a tarefa for cadastrada com sucesso",
                  "timedOut": false,
                  "duration": 23,
                  "state": "passed",
                  "speed": "fast",
                  "pass": true,
                  "fail": false,
                  "pending": false,
                  "context": null,
                  "code": "const response = await request(\"http://localhost:3000\")\n  .post(\"/tarefas\")\n  .set(\"Content-Type\", \"application/json\")\n  .send({\n    titulo: \"Estudar Arquitetura de software\",\n    prioridade: \"media\",\n  });\nexpect(response.status).to.equal(201);",
                  "err": {},
                  "uuid": "b31d3376-26ae-4e49-baee-2f6ef823e2d4",
                  "parentUUID": "2348b480-d22f-4910-8814-a8f75d64195e",
                  "isHook": false,
                  "skipped": false
                },
                {
                  "title": "Deve retornar 400 quando o titulo não for preenchido",
                  "fullTitle": "Tarefas POST /tarefas Deve retornar 400 quando o titulo não for preenchido",
                  "timedOut": false,
                  "duration": 4,
                  "state": "passed",
                  "speed": "fast",
                  "pass": true,
                  "fail": false,
                  "pending": false,
                  "context": null,
                  "code": "const response = await request(\"http://localhost:3000\")\n  .post(\"/tarefas\")\n  .set(\"Content-Type\", \"application/json\")\n  .send({\n    prioridade: \"Alta\",\n  });\nexpect(response.status).to.equal(400);\nexpect(response.body.erro).to.equal(\"Título é obrigatório\");",
                  "err": {},
                  "uuid": "def9811b-e079-45d2-9168-b9494b28257a",
                  "parentUUID": "2348b480-d22f-4910-8814-a8f75d64195e",
                  "isHook": false,
                  "skipped": false
                },
                {
                  "title": "Deve retornar 201 quando a tarefa for cadastrada com sucesso sem a informação de prioridade",
                  "fullTitle": "Tarefas POST /tarefas Deve retornar 201 quando a tarefa for cadastrada com sucesso sem a informação de prioridade",
                  "timedOut": false,
                  "duration": 6,
                  "state": "passed",
                  "speed": "fast",
                  "pass": true,
                  "fail": false,
                  "pending": false,
                  "context": null,
                  "code": "const response = await request(\"http://localhost:3000\")\n  .post(\"/tarefas\")\n  .set(\"Content-Type\", \"application/json\")\n  .send({\n    titulo: \"Estudar Ingles\",\n  });\nexpect(response.status).to.equal(201);\nexpect(response.body.titulo).to.equal(\"Estudar Ingles\");\nexpect(response.body.prioridade).to.equal(\"baixa\");",
                  "err": {},
                  "uuid": "a25dfcef-931b-41eb-9bf4-3916b8f379b1",
                  "parentUUID": "2348b480-d22f-4910-8814-a8f75d64195e",
                  "isHook": false,
                  "skipped": false
                }
              ],
              "suites": [],
              "passes": [
                "b31d3376-26ae-4e49-baee-2f6ef823e2d4",
                "def9811b-e079-45d2-9168-b9494b28257a",
                "a25dfcef-931b-41eb-9bf4-3916b8f379b1"
              ],
              "failures": [],
              "pending": [],
              "skipped": [],
              "duration": 33,
              "root": false,
              "rootEmpty": false,
              "_timeout": 2000
            },
            {
              "uuid": "c54491f5-b874-4941-bb44-1acbad6afa6e",
              "title": "GET /tarefas",
              "fullFile": "C:\\Users\\gusta\\OneDrive\\Área de Trabalho\\Meus Projetos\\Pós-graduação em Automação de Testes de Software\\Programacao_para_automacao_de_teste\\controle-de-tarefas\\test\\tarefas.test.js",
              "file": "\\test\\tarefas.test.js",
              "beforeHooks": [],
              "afterHooks": [],
              "tests": [
                {
                  "title": "Deve retornar 200 quando solicitar todas as tarefas",
                  "fullTitle": "Tarefas GET /tarefas Deve retornar 200 quando solicitar todas as tarefas",
                  "timedOut": false,
                  "duration": 4,
                  "state": "passed",
                  "speed": "fast",
                  "pass": true,
                  "fail": false,
                  "pending": false,
                  "context": null,
                  "code": "const response = await request(\"http://localhost:3000\")\n   .get('/tarefas')\n        expect(response.status).to.equal(200);\n        expect(response.body[0].ID).to.equal(1);\n        expect(response.body[0].titulo).to.equal('Estudar teste api rest');",
                  "err": {},
                  "uuid": "fbd2c59d-8494-4a1d-88d9-9934c91fa79a",
                  "parentUUID": "c54491f5-b874-4941-bb44-1acbad6afa6e",
                  "isHook": false,
                  "skipped": false
                }
              ],
              "suites": [],
              "passes": [
                "fbd2c59d-8494-4a1d-88d9-9934c91fa79a"
              ],
              "failures": [],
              "pending": [],
              "skipped": [],
              "duration": 4,
              "root": false,
              "rootEmpty": false,
              "_timeout": 2000
            },
            {
              "uuid": "edb4e575-70a8-4530-910c-3bff3cd23e60",
              "title": "PATCH /tarefas",
              "fullFile": "C:\\Users\\gusta\\OneDrive\\Área de Trabalho\\Meus Projetos\\Pós-graduação em Automação de Testes de Software\\Programacao_para_automacao_de_teste\\controle-de-tarefas\\test\\tarefas.test.js",
              "file": "\\test\\tarefas.test.js",
              "beforeHooks": [],
              "afterHooks": [],
              "tests": [
                {
                  "title": "Deve retornar 200 ao concluir a tarefa",
                  "fullTitle": "Tarefas PATCH /tarefas Deve retornar 200 ao concluir a tarefa",
                  "timedOut": false,
                  "duration": 6,
                  "state": "passed",
                  "speed": "fast",
                  "pass": true,
                  "fail": false,
                  "pending": false,
                  "context": null,
                  "code": "const response = await request('http://localhost:3000')\n    .patch('/tarefas/7/concluir')\nexpect(response.status).to.equal(200);",
                  "err": {},
                  "uuid": "9186d137-21ff-40f2-871e-7ec39021a861",
                  "parentUUID": "edb4e575-70a8-4530-910c-3bff3cd23e60",
                  "isHook": false,
                  "skipped": false
                }
              ],
              "suites": [],
              "passes": [
                "9186d137-21ff-40f2-871e-7ec39021a861"
              ],
              "failures": [],
              "pending": [],
              "skipped": [],
              "duration": 6,
              "root": false,
              "rootEmpty": false,
              "_timeout": 2000
            }
          ],
          "passes": [],
          "failures": [],
          "pending": [],
          "skipped": [],
          "duration": 0,
          "root": false,
          "rootEmpty": false,
          "_timeout": 2000
        }
      ],
      "passes": [],
      "failures": [],
      "pending": [],
      "skipped": [],
      "duration": 0,
      "root": true,
      "rootEmpty": true,
      "_timeout": 2000
    }
  ],
  "meta": {
    "mocha": {
      "version": "11.7.6"
    },
    "mochawesome": {
      "options": {
        "quiet": false,
        "reportFilename": "mochawesome",
        "saveHtml": true,
        "saveJson": true,
        "consoleReporter": "spec",
        "useInlineDiffs": false,
        "code": true
      },
      "version": "7.1.4"
    },
    "marge": {
      "options": null,
      "version": "6.3.2"
    }
  }
}