{
  "stats": {
    "suites": 2,
    "tests": 3,
    "passes": 3,
    "pending": 0,
    "failures": 0,
    "start": "2026-06-29T09:11:06.547Z",
    "end": "2026-06-29T09:11:06.585Z",
    "duration": 38,
    "testsRegistered": 3,
    "passPercent": 100,
    "pendingPercent": 0,
    "other": 0,
    "hasOther": false,
    "skipped": 0,
    "hasSkipped": false
  },
  "results": [
    {
      "uuid": "d608c236-3319-49d1-b808-819f8c8cbf4c",
      "title": "",
      "fullFile": "C:\\Users\\gusta\\OneDrive\\Área de Trabalho\\Meus Projetos\\Pós-graduação em Automação de Testes de Software\\Programacao_para_automacao_de_teste\\controle-de-tarefas\\test\\tarefas.test.js",
      "file": "\\test\\tarefas.test.js",
      "beforeHooks": [],
      "afterHooks": [],
      "tests": [],
      "suites": [
        {
          "uuid": "d4664f46-36a8-4abf-80b5-ec2cb10044fb",
          "title": "Tarefas",
          "fullFile": "C:\\Users\\gusta\\OneDrive\\Área de Trabalho\\Meus Projetos\\Pós-graduação em Automação de Testes de Software\\Programacao_para_automacao_de_teste\\controle-de-tarefas\\test\\tarefas.test.js",
          "file": "\\test\\tarefas.test.js",
          "beforeHooks": [],
          "afterHooks": [],
          "tests": [],
          "suites": [
            {
              "uuid": "8fac1a2b-8eaf-4921-b1f2-13b5520656af",
              "title": "POST /tarefas",
              "fullFile": "C:\\Users\\gusta\\OneDrive\\Área de Trabalho\\Meus Projetos\\Pós-graduação em Automação de Testes de Software\\Programacao_para_automacao_de_teste\\controle-de-tarefas\\test\\tarefas.test.js",
              "file": "\\test\\tarefas.test.js",
              "beforeHooks": [],
              "afterHooks": [],
              "tests": [
                {
                  "title": "Deve retornar 201 quando a tarefa for cadastrada com sucesso",
                  "fullTitle": "Tarefas POST /tarefas Deve retornar 201 quando a tarefa for cadastrada com sucesso",
                  "timedOut": false,
                  "duration": 26,
                  "state": "passed",
                  "speed": "fast",
                  "pass": true,
                  "fail": false,
                  "pending": false,
                  "context": null,
                  "code": "const response = await request(\"http://localhost:3000\")\n  .post(\"/tarefas\")\n  .set(\"Content-Type\", \"application/json\")\n  .send({\n    \"titulo\": \"Estudar Arquitetura de software\",\n    \"prioridade\": \"media\",\n  });\nexpect(response.status).to.equal(201);",
                  "err": {},
                  "uuid": "475c3b2d-ed1b-40e0-b853-2c4d53994c60",
                  "parentUUID": "8fac1a2b-8eaf-4921-b1f2-13b5520656af",
                  "isHook": false,
                  "skipped": false
                },
                {
                  "title": "Deve retornar 400 quando o titulo não for preenchido",
                  "fullTitle": "Tarefas POST /tarefas Deve retornar 400 quando o titulo não for preenchido",
                  "timedOut": false,
                  "duration": 3,
                  "state": "passed",
                  "speed": "fast",
                  "pass": true,
                  "fail": false,
                  "pending": false,
                  "context": null,
                  "code": "const response = await request(\"http://localhost:3000\")\n .post(\"/tarefas\")\n .set(\"Content-Type\", \"application/json\")\n .send({\n    \"prioridade\": \"Alta\"\n });\nexpect(response.status).to.equal(400);\nexpect(response.body.erro).to.equal(\"Título é obrigatório\");",
                  "err": {},
                  "uuid": "95003704-8be1-4220-b241-f58d707aff6c",
                  "parentUUID": "8fac1a2b-8eaf-4921-b1f2-13b5520656af",
                  "isHook": false,
                  "skipped": false
                },
                {
                  "title": "Deve retornar 201 quando a tarefa for cadastrada com sucesso sem a informação de prioridade",
                  "fullTitle": "Tarefas POST /tarefas Deve retornar 201 quando a tarefa for cadastrada com sucesso sem a informação de prioridade",
                  "timedOut": false,
                  "duration": 4,
                  "state": "passed",
                  "speed": "fast",
                  "pass": true,
                  "fail": false,
                  "pending": false,
                  "context": null,
                  "code": "const response = await request(\"http://localhost:3000\")\n    .post('/tarefas')\n    .set(\"Content-Type\", \"application/json\")\n    .send({\n        \"titulo\":\"Estudar Ingles\"\n    })\nexpect(response.status).to.equal(201);\nexpect(response.body.titulo).to.equal(\"Estudar Ingles\")\nexpect(response.body.prioridade).to.equal(\"baixa\");",
                  "err": {},
                  "uuid": "8e1f97b1-37a4-4808-830a-626c6554fc75",
                  "parentUUID": "8fac1a2b-8eaf-4921-b1f2-13b5520656af",
                  "isHook": false,
                  "skipped": false
                }
              ],
              "suites": [],
              "passes": [
                "475c3b2d-ed1b-40e0-b853-2c4d53994c60",
                "95003704-8be1-4220-b241-f58d707aff6c",
                "8e1f97b1-37a4-4808-830a-626c6554fc75"
              ],
              "failures": [],
              "pending": [],
              "skipped": [],
              "duration": 33,
              "root": false,
              "rootEmpty": false,
              "_timeout": 2000
            }
          ],
          "passes": [],
          "failures": [],
          "pending": [],
          "skipped": [],
          "duration": 0,
          "root": false,
          "rootEmpty": false,
          "_timeout": 2000
        }
      ],
      "passes": [],
      "failures": [],
      "pending": [],
      "skipped": [],
      "duration": 0,
      "root": true,
      "rootEmpty": true,
      "_timeout": 2000
    }
  ],
  "meta": {
    "mocha": {
      "version": "11.7.6"
    },
    "mochawesome": {
      "options": {
        "quiet": false,
        "reportFilename": "mochawesome",
        "saveHtml": true,
        "saveJson": true,
        "consoleReporter": "spec",
        "useInlineDiffs": false,
        "code": true
      },
      "version": "7.1.4"
    },
    "marge": {
      "options": null,
      "version": "6.3.2"
    }
  }
}